SF:lib/modules/auth/data/datasources/auth_local_data_source.dart
DA:6,2
DA:8,2
DA:9,2
DA:12,2
DA:13,4
DA:16,0
DA:17,0
DA:20,2
DA:21,4
LF:9
LH:7
end_of_record
SF:lib/modules/auth/data/repositories/auth_repository_impl.dart
DA:7,2
DA:9,2
DA:11,4
DA:12,4
DA:13,2
DA:16,2
DA:18,4
LF:7
LH:7
end_of_record
SF:lib/modules/auth/domain/entities/user_entity.dart
DA:4,2
LF:1
LH:1
end_of_record
SF:lib/modules/auth/domain/usecases/login_use_case.dart
DA:6,1
DA:8,1
DA:9,2
LF:3
LH:3
end_of_record
SF:lib/modules/auth/domain/usecases/logout_use_case.dart
DA:5,1
DA:7,1
DA:8,2
LF:3
LH:3
end_of_record
SF:lib/modules/auth/presentation/provider/auth_provider.dart
DA:11,1
DA:16,2
DA:18,1
DA:19,3
DA:20,1
DA:21,1
DA:24,1
DA:25,2
DA:26,1
DA:27,1
LF:10
LH:10
end_of_record
SF:lib/modules/vault/data/datasources/vault_local_data_source.dart
DA:9,2
DA:10,2
DA:12,2
DA:13,4
DA:14,4
DA:16,4
DA:18,2
DA:19,2
DA:22,6
DA:25,2
DA:26,2
DA:28,4
DA:29,2
DA:31,2
DA:37,2
DA:38,2
DA:39,4
DA:42,2
DA:43,2
DA:45,2
DA:46,2
DA:47,2
DA:56,1
DA:57,3
LF:24
LH:24
end_of_record
SF:lib/core/security/encryption_service.dart
DA:8,3
DA:9,18
DA:10,3
DA:13,3
DA:14,3
DA:15,3
DA:16,6
DA:17,3
DA:19,3
DA:20,3
DA:21,3
DA:25,1
DA:26,1
DA:27,1
DA:28,2
DA:30,1
DA:31,1
LF:17
LH:17
end_of_record
SF:lib/modules/vault/domain/usecases/add_note_use_case.dart
DA:5,1
DA:7,1
DA:8,2
LF:3
LH:3
end_of_record
SF:lib/modules/vault/domain/usecases/delete_note_use_case.dart
DA:5,1
DA:7,0
DA:8,0
LF:3
LH:1
end_of_record
SF:lib/modules/vault/domain/usecases/get_notes_use_case.dart
DA:5,1
DA:7,1
DA:8,2
LF:3
LH:3
end_of_record
SF:lib/modules/vault/presentation/provider/vault_provider.dart
DA:15,1
DA:21,1
DA:22,3
DA:23,1
DA:26,1
DA:27,3
DA:28,2
DA:29,1
DA:32,0
DA:33,0
DA:37,0
DA:38,0
DA:39,0
LF:13
LH:8
end_of_record
SF:lib/modules/vault/data/repositories/vault_repository_impl.dart
DA:11,1
DA:13,1
DA:15,2
DA:18,1
DA:20,2
DA:23,0
DA:25,0
LF:7
LH:5
end_of_record
